<?xml version="1.0" encoding="UTF-8"?>
<!-- Generated by org.testng.reporters.JUnitReportReporter -->
<testsuite hostname="DESKTOP-HOOC03B" failures="0" tests="1" name="tests.Put_Patch_Delete_Example" time="6.061" errors="0" timestamp="2022-05-22T23:51:54 IST" skipped="0">
  <testcase classname="tests.Put_Patch_Delete_Example" name="testDelete" time="6.061"/>
  <system-out/>
</testsuite> <!-- tests.Put_Patch_Delete_Example -->
