<?xml version="1.0" encoding="UTF-8"?>
<!-- Generated by org.testng.reporters.JUnitReportReporter -->
<testsuite hostname="DESKTOP-C93DCND" failures="0" tests="1" name="tests.TestsOnLocalApi" time="5.219" errors="0" timestamp="2022-04-16T22:32:18 IST" skipped="0">
  <testcase classname="tests.TestsOnLocalApi" name="delete" time="5.219"/>
  <system-out/>
</testsuite> <!-- tests.TestsOnLocalApi -->
