<?xml version="1.0" encoding="UTF-8"?>
<!-- Generated by org.testng.reporters.JUnitReportReporter -->
<testsuite hostname="DESKTOP-HOOC03B" failures="0" tests="1" name="tests.GetAndPostExample" time="6.707" errors="0" timestamp="2022-05-22T23:39:02 IST" skipped="0">
  <testcase classname="tests.GetAndPostExample" name="testPost" time="6.707"/>
  <system-out/>
</testsuite> <!-- tests.GetAndPostExample -->
