<?xml version="1.0" encoding="UTF-8"?>
<!-- Generated by org.testng.reporters.JUnitReportReporter -->
<testsuite hostname="DESKTOP-HOOC03B" failures="0" tests="1" name="tests.SoapXmlRequest" time="9.655" errors="0" timestamp="2022-05-23T07:53:44 IST" skipped="0">
  <testcase classname="tests.SoapXmlRequest" name="validateSoapXML" time="9.655"/>
  <system-out/>
</testsuite> <!-- tests.SoapXmlRequest -->
